c:\users\user\documents\github\modern c++ design\moderncppdesign\moderncppdesign\debug\vc120.pdb
c:\users\user\documents\github\modern c++ design\moderncppdesign\moderncppdesign\debug\vc120.idb
c:\users\user\documents\github\modern c++ design\moderncppdesign\moderncppdesign\debug\main.obj
c:\users\user\documents\github\modern c++ design\moderncppdesign\debug\moderncppdesign.pdb
c:\users\user\documents\github\modern c++ design\moderncppdesign\moderncppdesign\debug\moderncppdesign.tlog\cl.command.1.tlog
c:\users\user\documents\github\modern c++ design\moderncppdesign\moderncppdesign\debug\moderncppdesign.tlog\cl.read.1.tlog
c:\users\user\documents\github\modern c++ design\moderncppdesign\moderncppdesign\debug\moderncppdesign.tlog\cl.write.1.tlog
c:\users\user\documents\github\modern c++ design\moderncppdesign\moderncppdesign\debug\moderncppdesign.tlog\link-cvtres.read.1.tlog
c:\users\user\documents\github\modern c++ design\moderncppdesign\moderncppdesign\debug\moderncppdesign.tlog\link-cvtres.write.1.tlog
c:\users\user\documents\github\modern c++ design\moderncppdesign\moderncppdesign\debug\moderncppdesign.tlog\link-rc.read.1.tlog
c:\users\user\documents\github\modern c++ design\moderncppdesign\moderncppdesign\debug\moderncppdesign.tlog\link-rc.write.1.tlog
c:\users\user\documents\github\modern c++ design\moderncppdesign\moderncppdesign\debug\moderncppdesign.tlog\link.4376-cvtres.read.1.tlog
c:\users\user\documents\github\modern c++ design\moderncppdesign\moderncppdesign\debug\moderncppdesign.tlog\link.4376-cvtres.write.1.tlog
c:\users\user\documents\github\modern c++ design\moderncppdesign\moderncppdesign\debug\moderncppdesign.tlog\link.4376-rc.read.1.tlog
c:\users\user\documents\github\modern c++ design\moderncppdesign\moderncppdesign\debug\moderncppdesign.tlog\link.4376-rc.write.1.tlog
c:\users\user\documents\github\modern c++ design\moderncppdesign\moderncppdesign\debug\moderncppdesign.tlog\link.4376.read.1.tlog
c:\users\user\documents\github\modern c++ design\moderncppdesign\moderncppdesign\debug\moderncppdesign.tlog\link.4376.write.1.tlog
c:\users\user\documents\github\modern c++ design\moderncppdesign\moderncppdesign\debug\moderncppdesign.tlog\link.command.1.tlog
c:\users\user\documents\github\modern c++ design\moderncppdesign\moderncppdesign\debug\moderncppdesign.tlog\link.read.1.tlog
c:\users\user\documents\github\modern c++ design\moderncppdesign\moderncppdesign\debug\moderncppdesign.tlog\link.write.1.tlog
