Build started 4/14/2017 4:55:12 PM.
     1>Project "C:\Users\User\Documents\GitHub\Modern C++ Design\Chapter2_Techniques\Chapter2_Techniques.vcxproj" on node 3 (Rebuild target(s)).
     1>C:\Program Files (x86)\MSBuild\Microsoft.Cpp\v4.0\V120\Microsoft.CppBuild.targets(388,5): warning MSB8028: The intermediate directory (Debug\) contains files shared from another project (Chapter2_Techniques.vcxproj).  This can lead to incorrect clean and rebuild behavior.
     1>ClCompile:
         C:\Program Files (x86)\Microsoft Visual Studio 12.0\VC\bin\CL.exe /c /ZI /nologo /W3 /WX- /sdl /Od /Oy- /D WIN32 /D _DEBUG /D _CONSOLE /D _LIB /D _UNICODE /D UNICODE /Gm /EHsc /RTC1 /MDd /GS /fp:precise /Zc:wchar_t /Zc:forScope /Fo"Debug\\" /Fd"Debug\vc120.pdb" /Gd /TP /analyze- /errorReport:prompt Ch2_1.cpp Ch2_10.cpp Ch2_3.cpp Ch2_4.cpp Ch2_5.cpp Ch2_6.cpp Ch2_7.cpp Chapter2.cpp
         Chapter2.cpp
         Ch2_7.cpp
     1>c:\users\user\documents\github\modern c++ design\chapter2_techniques\ch2_7.cpp(9): warning C4101: 'renderComp' : unreferenced local variable
         Ch2_6.cpp
         Ch2_5.cpp
         Ch2_4.cpp
         Ch2_3.cpp
         Ch2_10.cpp
         Ch2_1.cpp
         Generating Code...
       Lib:
         C:\Program Files (x86)\Microsoft Visual Studio 12.0\VC\bin\Lib.exe /OUT:"C:\Users\User\Documents\GitHub\Modern C++ Design\ModernCppDesign\Debug\Chapter02_Techniques.lib" /NOLOGO Debug\Ch2_1.obj
         Debug\Ch2_10.obj
         Debug\Ch2_3.obj
         Debug\Ch2_4.obj
         Debug\Ch2_5.obj
         Debug\Ch2_6.obj
         Debug\Ch2_7.obj
         Debug\Chapter2.obj
         Chapter2_Techniques.vcxproj -> C:\Users\User\Documents\GitHub\Modern C++ Design\ModernCppDesign\Debug\Chapter02_Techniques.lib
     1>Done Building Project "C:\Users\User\Documents\GitHub\Modern C++ Design\Chapter2_Techniques\Chapter2_Techniques.vcxproj" (Rebuild target(s)).

Build succeeded.

Time Elapsed 00:00:02.67
