c:\users\user\documents\github\modern c++ design\chapter2_techniques\debug\vc120.pdb
c:\users\user\documents\github\modern c++ design\chapter2_techniques\debug\vc120.idb
c:\users\user\documents\github\modern c++ design\chapter2_techniques\debug\ch2_1.obj
c:\users\user\documents\github\modern c++ design\chapter2_techniques\debug\ch2_3.obj
c:\users\user\documents\github\modern c++ design\chapter2_techniques\debug\ch2_4.obj
c:\users\user\documents\github\modern c++ design\chapter2_techniques\debug\chapter2.obj
c:\users\user\documents\github\modern c++ design\chapter2_techniques\debug\ch2_5.obj
c:\users\user\documents\github\modern c++ design\chapter2_techniques\debug\ch2_7.obj
c:\users\user\documents\github\modern c++ design\chapter2_techniques\debug\ch2_6.obj
c:\users\user\documents\github\modern c++ design\chapter2_techniques\debug\ch2_10.obj
c:\users\user\documents\github\modern c++ design\moderncppdesign\debug\chapter2_techniques.lib
c:\users\user\documents\github\modern c++ design\moderncppdesign\debug\chapter2_techniques.pdb
c:\users\user\documents\github\modern c++ design\chapter2_techniques\debug\chapter2.ca385aae.tlog\cl.command.1.tlog
c:\users\user\documents\github\modern c++ design\chapter2_techniques\debug\chapter2.ca385aae.tlog\cl.read.1.tlog
c:\users\user\documents\github\modern c++ design\chapter2_techniques\debug\chapter2.ca385aae.tlog\cl.write.1.tlog
c:\users\user\documents\github\modern c++ design\chapter2_techniques\debug\chapter2.ca385aae.tlog\lib-link.read.1.tlog
c:\users\user\documents\github\modern c++ design\chapter2_techniques\debug\chapter2.ca385aae.tlog\lib-link.write.1.tlog
c:\users\user\documents\github\modern c++ design\chapter2_techniques\debug\chapter2.ca385aae.tlog\lib.command.1.tlog
c:\users\user\documents\github\modern c++ design\chapter2_techniques\debug\chapter2.ca385aae.tlog\link-cvtres.read.1.tlog
c:\users\user\documents\github\modern c++ design\chapter2_techniques\debug\chapter2.ca385aae.tlog\link-cvtres.write.1.tlog
c:\users\user\documents\github\modern c++ design\chapter2_techniques\debug\chapter2.ca385aae.tlog\link-rc.read.1.tlog
c:\users\user\documents\github\modern c++ design\chapter2_techniques\debug\chapter2.ca385aae.tlog\link-rc.write.1.tlog
c:\users\user\documents\github\modern c++ design\chapter2_techniques\debug\chapter2.ca385aae.tlog\link.command.1.tlog
c:\users\user\documents\github\modern c++ design\chapter2_techniques\debug\chapter2.ca385aae.tlog\link.read.1.tlog
c:\users\user\documents\github\modern c++ design\chapter2_techniques\debug\chapter2.ca385aae.tlog\link.write.1.tlog
